<?xml version="1.0" encoding="UTF-8"?>
<testsuite xmlns:xsi="http://www.w3.org/2001/XMLSchema-instance" xsi:noNamespaceSchemaLocation="https://maven.apache.org/surefire/maven-surefire-plugin/xsd/surefire-test-report.xsd" name="org.nervos.ckb.cliTest.HelpComLineTest" time="9.738" tests="3" errors="0" skipped="0" failures="0">
  <properties>
    <property name="awt.toolkit" value="sun.awt.X11.XToolkit"/>
    <property name="java.specification.version" value="9"/>
    <property name="file.encoding.pkg" value="sun.io"/>
    <property name="sun.cpu.isalist" value=""/>
    <property name="sun.jnu.encoding" value="UTF-8"/>
    <property name="java.class.path" value="/home/travis/build/rainchen/ckb-system-testing/target/test-classes:/home/travis/build/rainchen/ckb-system-testing/target/classes:/home/travis/.m2/repository/junit/junit/4.12/junit-4.12.jar:/home/travis/.m2/repository/org/hamcrest/hamcrest-core/1.3/hamcrest-core-1.3.jar:/home/travis/.m2/repository/org/hamcrest/hamcrest-library/1.3/hamcrest-library-1.3.jar:/home/travis/.m2/repository/org/testng/testng/6.14.3/testng-6.14.3.jar:/home/travis/.m2/repository/com/beust/jcommander/1.72/jcommander-1.72.jar:/home/travis/.m2/repository/org/apache-extras/beanshell/bsh/2.0b6/bsh-2.0b6.jar:/home/travis/.m2/repository/com/alibaba/fastjson/1.2.56/fastjson-1.2.56.jar:/home/travis/.m2/repository/org/apache/httpcomponents/httpclient/4.5.7/httpclient-4.5.7.jar:/home/travis/.m2/repository/org/apache/httpcomponents/httpcore/4.4.11/httpcore-4.4.11.jar:/home/travis/.m2/repository/commons-logging/commons-logging/1.2/commons-logging-1.2.jar:/home/travis/.m2/repository/commons-codec/commons-codec/1.11/commons-codec-1.11.jar:/home/travis/.m2/repository/org/uncommons/reportng/1.1.4/reportng-1.1.4.jar:/home/travis/.m2/repository/velocity/velocity/1.4/velocity-1.4.jar:/home/travis/.m2/repository/velocity/velocity-dep/1.4/velocity-dep-1.4.jar:/home/travis/.m2/repository/com/google/inject/guice/4.2.2/guice-4.2.2.jar:/home/travis/.m2/repository/javax/inject/javax.inject/1/javax.inject-1.jar:/home/travis/.m2/repository/aopalliance/aopalliance/1.0/aopalliance-1.0.jar:/home/travis/.m2/repository/com/google/guava/guava/25.1-android/guava-25.1-android.jar:/home/travis/.m2/repository/com/google/code/findbugs/jsr305/3.0.2/jsr305-3.0.2.jar:/home/travis/.m2/repository/org/checkerframework/checker-compat-qual/2.0.0/checker-compat-qual-2.0.0.jar:/home/travis/.m2/repository/com/google/errorprone/error_prone_annotations/2.1.3/error_prone_annotations-2.1.3.jar:/home/travis/.m2/repository/com/google/j2objc/j2objc-annotations/1.1/j2objc-annotations-1.1.jar:/home/travis/.m2/repository/org/codehaus/mojo/animal-sniffer-annotations/1.14/animal-sniffer-annotations-1.14.jar:/home/travis/.m2/repository/com/jcraft/jsch/0.1.55/jsch-0.1.55.jar:/home/travis/.m2/repository/org/yaml/snakeyaml/1.23/snakeyaml-1.23.jar:/home/travis/.m2/repository/org/bouncycastle/bcprov-jdk15on/1.61/bcprov-jdk15on-1.61.jar:/home/travis/.m2/repository/org/nervos/ckb/ckb-sdk-java/0.13.0/ckb-sdk-java-0.13.0.jar:"/>
    <property name="java.vm.vendor" value="Oracle Corporation"/>
    <property name="sun.arch.data.model" value="64"/>
    <property name="java.vendor.url" value="http://java.oracle.com/"/>
    <property name="user.timezone" value=""/>
    <property name="java.vm.specification.version" value="9"/>
    <property name="os.name" value="Linux"/>
    <property name="sun.java.launcher" value="SUN_STANDARD"/>
    <property name="user.country" value="US"/>
    <property name="sun.boot.library.path" value="/usr/lib/jvm/java-9-oracle/lib"/>
    <property name="sun.java.command" value="/home/travis/build/rainchen/ckb-system-testing/target/surefire/surefirebooter8626337231664658781.jar /home/travis/build/rainchen/ckb-system-testing/target/surefire 2019-06-14T13-51-25_467-jvmRun1 surefire1275341868722530009tmp surefire_07107631935126516225tmp"/>
    <property name="jdk.debug" value="release"/>
    <property name="test" value="org.nervos.ckb.cliTest.HelpComLineTest"/>
    <property name="surefire.test.class.path" value="/home/travis/build/rainchen/ckb-system-testing/target/test-classes:/home/travis/build/rainchen/ckb-system-testing/target/classes:/home/travis/.m2/repository/junit/junit/4.12/junit-4.12.jar:/home/travis/.m2/repository/org/hamcrest/hamcrest-core/1.3/hamcrest-core-1.3.jar:/home/travis/.m2/repository/org/hamcrest/hamcrest-library/1.3/hamcrest-library-1.3.jar:/home/travis/.m2/repository/org/testng/testng/6.14.3/testng-6.14.3.jar:/home/travis/.m2/repository/com/beust/jcommander/1.72/jcommander-1.72.jar:/home/travis/.m2/repository/org/apache-extras/beanshell/bsh/2.0b6/bsh-2.0b6.jar:/home/travis/.m2/repository/com/alibaba/fastjson/1.2.56/fastjson-1.2.56.jar:/home/travis/.m2/repository/org/apache/httpcomponents/httpclient/4.5.7/httpclient-4.5.7.jar:/home/travis/.m2/repository/org/apache/httpcomponents/httpcore/4.4.11/httpcore-4.4.11.jar:/home/travis/.m2/repository/commons-logging/commons-logging/1.2/commons-logging-1.2.jar:/home/travis/.m2/repository/commons-codec/commons-codec/1.11/commons-codec-1.11.jar:/home/travis/.m2/repository/org/uncommons/reportng/1.1.4/reportng-1.1.4.jar:/home/travis/.m2/repository/velocity/velocity/1.4/velocity-1.4.jar:/home/travis/.m2/repository/velocity/velocity-dep/1.4/velocity-dep-1.4.jar:/home/travis/.m2/repository/com/google/inject/guice/4.2.2/guice-4.2.2.jar:/home/travis/.m2/repository/javax/inject/javax.inject/1/javax.inject-1.jar:/home/travis/.m2/repository/aopalliance/aopalliance/1.0/aopalliance-1.0.jar:/home/travis/.m2/repository/com/google/guava/guava/25.1-android/guava-25.1-android.jar:/home/travis/.m2/repository/com/google/code/findbugs/jsr305/3.0.2/jsr305-3.0.2.jar:/home/travis/.m2/repository/org/checkerframework/checker-compat-qual/2.0.0/checker-compat-qual-2.0.0.jar:/home/travis/.m2/repository/com/google/errorprone/error_prone_annotations/2.1.3/error_prone_annotations-2.1.3.jar:/home/travis/.m2/repository/com/google/j2objc/j2objc-annotations/1.1/j2objc-annotations-1.1.jar:/home/travis/.m2/repository/org/codehaus/mojo/animal-sniffer-annotations/1.14/animal-sniffer-annotations-1.14.jar:/home/travis/.m2/repository/com/jcraft/jsch/0.1.55/jsch-0.1.55.jar:/home/travis/.m2/repository/org/yaml/snakeyaml/1.23/snakeyaml-1.23.jar:/home/travis/.m2/repository/org/bouncycastle/bcprov-jdk15on/1.61/bcprov-jdk15on-1.61.jar:/home/travis/.m2/repository/org/nervos/ckb/ckb-sdk-java/0.13.0/ckb-sdk-java-0.13.0.jar:"/>
    <property name="sun.cpu.endian" value="little"/>
    <property name="user.home" value="/home/travis"/>
    <property name="user.language" value="en"/>
    <property name="java.specification.vendor" value="Oracle Corporation"/>
    <property name="java.home" value="/usr/lib/jvm/java-9-oracle"/>
    <property name="file.separator" value="/"/>
    <property name="basedir" value="/home/travis/build/rainchen/ckb-system-testing"/>
    <property name="java.vm.compressedOopsMode" value="32-bit"/>
    <property name="line.separator" value="&#10;"/>
    <property name="java.vm.specification.vendor" value="Oracle Corporation"/>
    <property name="java.specification.name" value="Java Platform API Specification"/>
    <property name="java.awt.graphicsenv" value="sun.awt.X11GraphicsEnvironment"/>
    <property name="surefire.real.class.path" value="/home/travis/build/rainchen/ckb-system-testing/target/surefire/surefirebooter8626337231664658781.jar"/>
    <property name="sun.management.compiler" value="HotSpot 64-Bit Tiered Compilers"/>
    <property name="java.runtime.version" value="9.0.1+11"/>
    <property name="user.name" value="travis"/>
    <property name="path.separator" value=":"/>
    <property name="os.version" value="4.4.0-101-generic"/>
    <property name="java.runtime.name" value="Java(TM) SE Runtime Environment"/>
    <property name="file.encoding" value="UTF-8"/>
    <property name="java.vm.name" value="Java HotSpot(TM) 64-Bit Server VM"/>
    <property name="localRepository" value="/home/travis/.m2/repository"/>
    <property name="java.vendor.url.bug" value="http://bugreport.java.com/bugreport/"/>
    <property name="java.io.tmpdir" value="/tmp"/>
    <property name="java.version" value="9.0.1"/>
    <property name="user.dir" value="/home/travis/build/rainchen/ckb-system-testing/target"/>
    <property name="os.arch" value="amd64"/>
    <property name="java.vm.specification.name" value="Java Virtual Machine Specification"/>
    <property name="java.awt.printerjob" value="sun.print.PSPrinterJob"/>
    <property name="sun.os.patch.level" value="unknown"/>
    <property name="java.library.path" value="/usr/java/packages/lib:/usr/lib64:/lib64:/lib:/usr/lib"/>
    <property name="java.vm.info" value="mixed mode"/>
    <property name="java.vendor" value="Oracle Corporation"/>
    <property name="java.vm.version" value="9.0.1+11"/>
    <property name="sun.io.unicode.encoding" value="UnicodeLittle"/>
    <property name="java.class.version" value="53.0"/>
  </properties>
  <testcase name="testHelpComLineNegative" classname="org.nervos.ckb.cliTest.HelpComLineTest" time="0.182"/>
  <testcase name="testHelpComLinePositive" classname="org.nervos.ckb.cliTest.HelpComLineTest" time="0.122"/>
  <testcase name="testHelpComLinePositive" classname="org.nervos.ckb.cliTest.HelpComLineTest" time="0.095"/>
</testsuite>